[debug] [2022-06-12T15:56:47.322Z] ----------------------------------------------------------------------
[debug] [2022-06-12T15:56:47.324Z] Command:       C:\Program Files\nodejs\node.exe C:\Users\Ghovur Azrian A\AppData\Roaming\npm\node_modules\firebase-tools\lib\bin\firebase.js serve
[debug] [2022-06-12T15:56:47.325Z] CLI Version:   11.0.1
[debug] [2022-06-12T15:56:47.325Z] Platform:      win32
[debug] [2022-06-12T15:56:47.325Z] Node Version:  v16.14.0
[debug] [2022-06-12T15:56:47.327Z] Time:          Sun Jun 12 2022 22:56:47 GMT+0700 (Western Indonesia Time)
[debug] [2022-06-12T15:56:47.327Z] ----------------------------------------------------------------------
[debug] 
[debug] [2022-06-12T15:56:47.407Z] > command requires scopes: ["email","openid","https://www.googleapis.com/auth/cloudplatformprojects.readonly","https://www.googleapis.com/auth/firebase","https://www.googleapis.com/auth/cloud-platform"]
[debug] [2022-06-12T15:56:47.407Z] > authorizing via signed-in user (c2327g2849@bangkit.academy)
[debug] [2022-06-12T15:56:47.407Z] [iam] checking project cobaapi-c3349 for permissions ["firebase.projects.get"]
[debug] [2022-06-12T15:56:47.410Z] > refreshing access token with scopes: []
[debug] [2022-06-12T15:56:47.412Z] >>> HTTP REQUEST POST https://www.googleapis.com/oauth2/v3/token  
 <request body omitted>
[debug] [2022-06-12T15:56:47.579Z] <<< HTTP RESPONSE 200 {"date":"Sun, 12 Jun 2022 15:56:48 GMT","expires":"Mon, 01 Jan 1990 00:00:00 GMT","cache-control":"no-cache, no-store, max-age=0, must-revalidate","pragma":"no-cache","content-type":"application/json; charset=utf-8","vary":"X-Origin, Referer, Origin,Accept-Encoding","server":"scaffolding on HTTPServer2","x-xss-protection":"0","x-frame-options":"SAMEORIGIN","x-content-type-options":"nosniff","alt-svc":"h3=\":443\"; ma=2592000,h3-29=\":443\"; ma=2592000,h3-Q050=\":443\"; ma=2592000,h3-Q046=\":443\"; ma=2592000,h3-Q043=\":443\"; ma=2592000,quic=\":443\"; ma=2592000; v=\"46,43\"","accept-ranges":"none","transfer-encoding":"chunked"}
[debug] [2022-06-12T15:56:47.600Z] >>> [apiv2][query] POST https://cloudresourcemanager.googleapis.com/v1/projects/cobaapi-c3349:testIamPermissions [none]
[debug] [2022-06-12T15:56:47.600Z] >>> [apiv2][body] POST https://cloudresourcemanager.googleapis.com/v1/projects/cobaapi-c3349:testIamPermissions {"permissions":["firebase.projects.get"]}
[debug] [2022-06-12T15:56:48.658Z] <<< [apiv2][status] POST https://cloudresourcemanager.googleapis.com/v1/projects/cobaapi-c3349:testIamPermissions 200
[debug] [2022-06-12T15:56:48.658Z] <<< [apiv2][body] POST https://cloudresourcemanager.googleapis.com/v1/projects/cobaapi-c3349:testIamPermissions {"permissions":["firebase.projects.get"]}
[debug] [2022-06-12T15:56:48.659Z] >>> [apiv2][query] GET https://firebase.googleapis.com/v1beta1/projects/cobaapi-c3349 [none]
[debug] [2022-06-12T15:56:48.993Z] <<< [apiv2][status] GET https://firebase.googleapis.com/v1beta1/projects/cobaapi-c3349 200
[debug] [2022-06-12T15:56:48.994Z] <<< [apiv2][body] GET https://firebase.googleapis.com/v1beta1/projects/cobaapi-c3349 {"projectId":"cobaapi-c3349","projectNumber":"151561890801","displayName":"cobaAPI","name":"projects/cobaapi-c3349","resources":{"hostingSite":"cobaapi-c3349","storageBucket":"cobaapi-c3349.appspot.com","locationId":"us-central"},"state":"ACTIVE"}
[info] 
[info] === Serving from 'C:\Users\Ghovur Azrian A\Downloads\Kuliah\Bangkit\firebaseTemanHewani'...
[info] 
[info] +  functions: Using node@16 from host. {"metadata":{"emulator":{"name":"functions"},"message":"Using node@16 from host."}}
[debug] [2022-06-12T15:56:49.015Z] defaultcredentials: writing to file C:\Users\Ghovur Azrian A\AppData\Roaming\firebase\c2327g2849_bangkit_academy_application_default_credentials.json
[debug] [2022-06-12T15:56:49.016Z] Setting GAC to C:\Users\Ghovur Azrian A\AppData\Roaming\firebase\c2327g2849_bangkit_academy_application_default_credentials.json {"metadata":{"emulator":{"name":"functions"},"message":"Setting GAC to C:\\Users\\Ghovur Azrian A\\AppData\\Roaming\\firebase\\c2327g2849_bangkit_academy_application_default_credentials.json"}}
[debug] [2022-06-12T15:56:49.017Z] >>> [apiv2][query] GET https://firebase.googleapis.com/v1beta1/projects/cobaapi-c3349/adminSdkConfig [none]
[debug] [2022-06-12T15:56:49.343Z] <<< [apiv2][status] GET https://firebase.googleapis.com/v1beta1/projects/cobaapi-c3349/adminSdkConfig 200
[debug] [2022-06-12T15:56:49.343Z] <<< [apiv2][body] GET https://firebase.googleapis.com/v1beta1/projects/cobaapi-c3349/adminSdkConfig {"projectId":"cobaapi-c3349","storageBucket":"cobaapi-c3349.appspot.com","locationId":"us-central"}
[info] i  functions: Watching "C:\Users\Ghovur Azrian A\Downloads\Kuliah\Bangkit\firebaseTemanHewani\functions" for Cloud Functions... {"metadata":{"emulator":{"name":"functions"},"message":"Watching \"C:\\Users\\Ghovur Azrian A\\Downloads\\Kuliah\\Bangkit\\firebaseTemanHewani\\functions\" for Cloud Functions..."}}
[debug] [2022-06-12T15:56:49.368Z] Validating nodejs source
[debug] [2022-06-12T15:56:51.564Z] > [functions] package.json contents: {
  "name": "functions",
  "description": "Cloud Functions for Firebase",
  "scripts": {
    "lint": "eslint .",
    "serve": "firebase emulators:start --only functions",
    "shell": "firebase functions:shell",
    "start": "npm run shell",
    "deploy": "firebase deploy --only functions",
    "logs": "firebase functions:log"
  },
  "engines": {
    "node": "16"
  },
  "main": "index.js",
  "dependencies": {
    "firebase-admin": "^10.0.2",
    "firebase-functions": "^3.18.0"
  },
  "devDependencies": {
    "eslint": "^8.9.0",
    "eslint-config-google": "^0.14.0",
    "firebase-functions-test": "^0.2.0"
  },
  "private": true
}
[debug] [2022-06-12T15:56:51.564Z] Building nodejs source
[debug] [2022-06-12T15:56:51.565Z] Analyzing nodejs backend spec
[debug] [2022-06-12T15:56:51.566Z] Could not find functions.yaml. Must use http discovery
[debug] [2022-06-12T15:56:51.739Z] Serving at port 9005

[debug] [2022-06-12T15:56:51.849Z] Got response from /__/functions.yaml {"endpoints":{"app":{"platform":"gcfv1","httpsTrigger":{},"entryPoint":"app"}},"specVersion":"v1alpha1","requiredAPIs":[]}
[debug] [2022-06-12T15:56:51.853Z] shutdown requested via /__/quitquitquit

[info] +  functions[us-central1-app]: http function initialized (http://localhost:5000/cobaapi-c3349/us-central1/app). {"metadata":{"emulator":{"name":"functions"},"message":"\u001b[1mhttp\u001b[22m function initialized (http://localhost:5000/cobaapi-c3349/us-central1/app)."}}
[debug] [2022-06-12T15:56:52.973Z] [work-queue] {"queueLength":1,"workRunningCount":0}
[debug] [2022-06-12T15:56:52.973Z] [work-queue] {"queueLength":0,"workRunningCount":1}
[debug] [2022-06-12T15:56:52.974Z] Accepted request GET /cobaapi-c3349/us-central1/app/api/getAll --> us-central1-app
[debug] [2022-06-12T15:56:52.979Z] [worker-pool] addWorker(us-central1-app) {"metadata":{"emulator":{"name":"functions"},"message":"[worker-pool] addWorker(us-central1-app)"}}
[debug] [2022-06-12T15:56:52.979Z] [worker-pool] Adding worker with key us-central1-app, total=1 {"metadata":{"emulator":{"name":"functions"},"message":"[worker-pool] Adding worker with key us-central1-app, total=1"}}
[debug] [2022-06-12T15:56:52.979Z] [worker-pool] submitWork(triggerId=us-central1-app) {"metadata":{"emulator":{"name":"functions"},"message":"[worker-pool] submitWork(triggerId=us-central1-app)"}}
[debug] [2022-06-12T15:56:52.980Z] [worker-us-central1-app-3037ff45-9bfa-4454-ba41-c17d2239aa54]: Assigning socketPath: \\?\pipe\C:\Users\Ghovur Azrian A\Downloads\Kuliah\Bangkit\firebaseTemanHewani\functions\7832 {"metadata":{"emulator":{"name":"functions"},"message":"[worker-us-central1-app-3037ff45-9bfa-4454-ba41-c17d2239aa54]: Assigning socketPath: \\\\?\\pipe\\C:\\Users\\Ghovur Azrian A\\Downloads\\Kuliah\\Bangkit\\firebaseTemanHewani\\functions\\7832"}}
[debug] [2022-06-12T15:56:52.980Z] [worker-us-central1-app-3037ff45-9bfa-4454-ba41-c17d2239aa54]: BUSY {"metadata":{"emulator":{"name":"functions"},"message":"[worker-us-central1-app-3037ff45-9bfa-4454-ba41-c17d2239aa54]: BUSY"}}
[debug] [2022-06-12T15:56:54.114Z] [runtime-status] [7832] Functions runtime initialized. {"cwd":"C:\\Users\\Ghovur Azrian A\\Downloads\\Kuliah\\Bangkit\\firebaseTemanHewani\\functions","node_version":"16.14.0"} {"metadata":{"emulator":{"name":"functions"},"function":{"name":"us-central1-app"},"extension":{},"message":"[runtime-status] [7832] Functions runtime initialized. {\"cwd\":\"C:\\\\Users\\\\Ghovur Azrian A\\\\Downloads\\\\Kuliah\\\\Bangkit\\\\firebaseTemanHewani\\\\functions\",\"node_version\":\"16.14.0\"}"}}
[debug] [2022-06-12T15:56:54.114Z] [runtime-status] [7832] Disabled runtime features: undefined {"metadata":{"emulator":{"name":"functions"},"function":{"name":"us-central1-app"},"extension":{},"message":"[runtime-status] [7832] Disabled runtime features: undefined"}}
[debug] [2022-06-12T15:56:54.117Z] [runtime-status] [7832] Resolved module firebase-admin {"declared":true,"installed":true,"version":"10.2.0","resolution":"C:\\Users\\Ghovur Azrian A\\Downloads\\Kuliah\\Bangkit\\firebaseTemanHewani\\functions\\node_modules\\firebase-admin\\lib\\index.js"} {"metadata":{"emulator":{"name":"functions"},"function":{"name":"us-central1-app"},"extension":{},"message":"[runtime-status] [7832] Resolved module firebase-admin {\"declared\":true,\"installed\":true,\"version\":\"10.2.0\",\"resolution\":\"C:\\\\Users\\\\Ghovur Azrian A\\\\Downloads\\\\Kuliah\\\\Bangkit\\\\firebaseTemanHewani\\\\functions\\\\node_modules\\\\firebase-admin\\\\lib\\\\index.js\"}"}}
[debug] [2022-06-12T15:56:54.118Z] [runtime-status] [7832] Resolved module firebase-functions {"declared":true,"installed":true,"version":"3.21.2","resolution":"C:\\Users\\Ghovur Azrian A\\Downloads\\Kuliah\\Bangkit\\firebaseTemanHewani\\functions\\node_modules\\firebase-functions\\lib\\index.js"} {"metadata":{"emulator":{"name":"functions"},"function":{"name":"us-central1-app"},"extension":{},"message":"[runtime-status] [7832] Resolved module firebase-functions {\"declared\":true,\"installed\":true,\"version\":\"3.21.2\",\"resolution\":\"C:\\\\Users\\\\Ghovur Azrian A\\\\Downloads\\\\Kuliah\\\\Bangkit\\\\firebaseTemanHewani\\\\functions\\\\node_modules\\\\firebase-functions\\\\lib\\\\index.js\"}"}}
[debug] [2022-06-12T15:56:54.118Z] [runtime-status] [7832] Outgoing network have been stubbed. [{"name":"http","status":"mocked"},{"name":"http","status":"mocked"},{"name":"https","status":"mocked"},{"name":"https","status":"mocked"},{"name":"net","status":"mocked"}] {"metadata":{"emulator":{"name":"functions"},"function":{"name":"us-central1-app"},"extension":{},"message":"[runtime-status] [7832] Outgoing network have been stubbed. [{\"name\":\"http\",\"status\":\"mocked\"},{\"name\":\"http\",\"status\":\"mocked\"},{\"name\":\"https\",\"status\":\"mocked\"},{\"name\":\"https\",\"status\":\"mocked\"},{\"name\":\"net\",\"status\":\"mocked\"}]"}}
[debug] [2022-06-12T15:56:54.119Z] [runtime-status] [7832] Resolved module firebase-functions {"declared":true,"installed":true,"version":"3.21.2","resolution":"C:\\Users\\Ghovur Azrian A\\Downloads\\Kuliah\\Bangkit\\firebaseTemanHewani\\functions\\node_modules\\firebase-functions\\lib\\index.js"} {"metadata":{"emulator":{"name":"functions"},"function":{"name":"us-central1-app"},"extension":{},"message":"[runtime-status] [7832] Resolved module firebase-functions {\"declared\":true,\"installed\":true,\"version\":\"3.21.2\",\"resolution\":\"C:\\\\Users\\\\Ghovur Azrian A\\\\Downloads\\\\Kuliah\\\\Bangkit\\\\firebaseTemanHewani\\\\functions\\\\node_modules\\\\firebase-functions\\\\lib\\\\index.js\"}"}}
[debug] [2022-06-12T15:56:54.159Z] [runtime-status] [7832] Checked functions.config() {"config":{}} {"metadata":{"emulator":{"name":"functions"},"function":{"name":"us-central1-app"},"extension":{},"message":"[runtime-status] [7832] Checked functions.config() {\"config\":{}}"}}
[debug] [2022-06-12T15:56:54.159Z] [runtime-status] [7832] firebase-functions has been stubbed. {"functionsResolution":{"declared":true,"installed":true,"version":"3.21.2","resolution":"C:\\Users\\Ghovur Azrian A\\Downloads\\Kuliah\\Bangkit\\firebaseTemanHewani\\functions\\node_modules\\firebase-functions\\lib\\index.js"}} {"metadata":{"emulator":{"name":"functions"},"function":{"name":"us-central1-app"},"extension":{},"message":"[runtime-status] [7832] firebase-functions has been stubbed. {\"functionsResolution\":{\"declared\":true,\"installed\":true,\"version\":\"3.21.2\",\"resolution\":\"C:\\\\Users\\\\Ghovur Azrian A\\\\Downloads\\\\Kuliah\\\\Bangkit\\\\firebaseTemanHewani\\\\functions\\\\node_modules\\\\firebase-functions\\\\lib\\\\index.js\"}}"}}
[debug] [2022-06-12T15:56:54.160Z] [runtime-status] [7832] Resolved module firebase-functions {"declared":true,"installed":true,"version":"3.21.2","resolution":"C:\\Users\\Ghovur Azrian A\\Downloads\\Kuliah\\Bangkit\\firebaseTemanHewani\\functions\\node_modules\\firebase-functions\\lib\\index.js"} {"metadata":{"emulator":{"name":"functions"},"function":{"name":"us-central1-app"},"extension":{},"message":"[runtime-status] [7832] Resolved module firebase-functions {\"declared\":true,\"installed\":true,\"version\":\"3.21.2\",\"resolution\":\"C:\\\\Users\\\\Ghovur Azrian A\\\\Downloads\\\\Kuliah\\\\Bangkit\\\\firebaseTemanHewani\\\\functions\\\\node_modules\\\\firebase-functions\\\\lib\\\\index.js\"}"}}
[debug] [2022-06-12T15:56:54.161Z] [runtime-status] [7832] Resolved module firebase-admin {"declared":true,"installed":true,"version":"10.2.0","resolution":"C:\\Users\\Ghovur Azrian A\\Downloads\\Kuliah\\Bangkit\\firebaseTemanHewani\\functions\\node_modules\\firebase-admin\\lib\\index.js"} {"metadata":{"emulator":{"name":"functions"},"function":{"name":"us-central1-app"},"extension":{},"message":"[runtime-status] [7832] Resolved module firebase-admin {\"declared\":true,\"installed\":true,\"version\":\"10.2.0\",\"resolution\":\"C:\\\\Users\\\\Ghovur Azrian A\\\\Downloads\\\\Kuliah\\\\Bangkit\\\\firebaseTemanHewani\\\\functions\\\\node_modules\\\\firebase-admin\\\\lib\\\\index.js\"}"}}
[debug] [2022-06-12T15:56:54.164Z] [runtime-status] [7832] Resolved module firebase-functions {"declared":true,"installed":true,"version":"3.21.2","resolution":"C:\\Users\\Ghovur Azrian A\\Downloads\\Kuliah\\Bangkit\\firebaseTemanHewani\\functions\\node_modules\\firebase-functions\\lib\\index.js"} {"metadata":{"emulator":{"name":"functions"},"function":{"name":"us-central1-app"},"extension":{},"message":"[runtime-status] [7832] Resolved module firebase-functions {\"declared\":true,\"installed\":true,\"version\":\"3.21.2\",\"resolution\":\"C:\\\\Users\\\\Ghovur Azrian A\\\\Downloads\\\\Kuliah\\\\Bangkit\\\\firebaseTemanHewani\\\\functions\\\\node_modules\\\\firebase-functions\\\\lib\\\\index.js\"}"}}
[debug] [2022-06-12T15:56:54.164Z] [runtime-status] [7832] firebase-admin has been stubbed. {"adminResolution":{"declared":true,"installed":true,"version":"10.2.0","resolution":"C:\\Users\\Ghovur Azrian A\\Downloads\\Kuliah\\Bangkit\\firebaseTemanHewani\\functions\\node_modules\\firebase-admin\\lib\\index.js"}} {"metadata":{"emulator":{"name":"functions"},"function":{"name":"us-central1-app"},"extension":{},"message":"[runtime-status] [7832] firebase-admin has been stubbed. {\"adminResolution\":{\"declared\":true,\"installed\":true,\"version\":\"10.2.0\",\"resolution\":\"C:\\\\Users\\\\Ghovur Azrian A\\\\Downloads\\\\Kuliah\\\\Bangkit\\\\firebaseTemanHewani\\\\functions\\\\node_modules\\\\firebase-admin\\\\lib\\\\index.js\"}}"}}
[debug] [2022-06-12T15:56:54.196Z] [runtime-status] [7832] initializeApp(DEFAULT) {"credential":{"implicit":false,"projectId":"cobaapi-c3349","privateKey":"-----BEGIN PRIVATE KEY-----\nMIIEvQIBADANBgkqhkiG9w0BAQEFAASCBKcwggSjAgEAAoIBAQDOin5WasjYUy1i\nQOorEcIDy+C9Z4ullgJBkSId60kSi4kBKmyRPU+EeYQrEtt0PzrolWAFUhlHRjqe\njsTcIZidlV8Cmo2l+OqXNJjdHFaP8Rg9l7toL4huVkGNDjSeXppCs3dRMNOi8bEd\niSsvPrmc91wqsG+Mwcvh3vVgsJJoEWmIgRziigzkuX/lZA7/OidSWvW/nqzC6DRg\ntLj7TvQJzLWs8bfAcy6gaZ5s4t10JN8MBLigJprDEIoAXLuv4qUUfpjhB8H06w3g\nNmdxxBA960Ac6qK7rqoU5ie0RZ5M7cPq3IJen6kHOzetujYr57qSy5Hm5s2uOSgb\nvl6K/vlJAgMBAAECggEAAkaRh/NjFUpsp9Y7bkWNZnF5igSzy8Ytw1oCxE3Kbzyf\n12YyWN2nfGLCs3R1/Aon+euOvwhC9IoqzQKZhdZjQis6PIMGQq5N1rl9jK7KVQmC\nQPLPcwwBBrwxuojjSLJrTzGp2SMUAInar8602ISqUrcr/2Fpx+UpEVWdolbXtMil\nPSADIzginoeBageiuHLBYTRC1DwXhx6cU2Pq8JaiftAzYmaoDVnxcLr2hu9XBsTA\nWinIoRNZie3SZ1tSs3CCGMZwD6bpbpsC56btidxPSGjrgKmAn+cv1bMJWL5gVZzZ\nH1FlEhfvvqY0wIqEyOkv0aGI7KdTJGmGKCeTzRQ+YQKBgQD9bOFz5RQV0wJAL5jR\n6q53TGuP4jO6AuaWl9HG3822esZbvA09bQ1MsfZFqU8wo1gMtchn+DI49HjcCJuU\n6rEQeaJWHpw9yqC+FPFmm4CYWOITcII4ckrE8qVD+A7J1DepZHn4KnUB6l/9pYi1\nn4lBbuhLKfD0HKl7ubiqoKLmsQKBgQDQo6yRAbyS4sFnDObkTMbWPPSdjp88p1FB\n188BLDrdvGTpQMuABmhZdvMBHPcp9Kgk4kkm14c0mCII9aKzVj2Ic1FuiqZ04n0Q\nmapFqUM17vMqZiZuGhF4oQORtcDr0Le73Z9pJeTtR3n5CTDEJAd5DpvZNdNimVTb\nJaPACD4SGQKBgEtSzGPdB65A7F9Vhk+GOFrfDO1UJ1m3OQAzmbdJl+QP89saNrk2\nK4jLME6eNxpWwnnsoec9HvhMuYt0x4FojD5AWN7N9FRtYH9+zA1aVMtzR6bNfvb2\nCYEmObbNCOA2QmEHqzT2sZZjKirCw7Jv+6TGKScGDUcRKdLLbbbRTfnRAoGBAMVK\nQKBOWBc9vUzI8nzn7Q4hTd6/QuyD+16bx+9/95o9z96Rmt1RMdOHm3pt/Xr7ExTt\ntea43+1n/qciP9v9rOoewd4Z1hWpJkJQTKbay+dwMRjix2xN0j+TYmCi0e8rytIn\nW9p+LuABOuG3Qxn2R+q9WbooH9+YxpkEGrg4ExnhAoGANILbtHC7WMrK2pN01TnR\nvjbIvfUnCJnVYQhnQKSYrYm/jrjfQXx3iCrZMkxR6G4/yASIfUA8Fcdb6aBi7bs7\n/v/uIFuPCAYU+VTW8BpZFzW5Y36u+2ees+OAPDaIJdSJqxlwF8UPRmn9VvCEndHT\nzh9l2UT9aMttmUZU27unA/o=\n-----END PRIVATE KEY-----\n","clientEmail":"firebase-adminsdk-7s56j@cobaapi-c3349.iam.gserviceaccount.com","httpClient":{"retry":{"maxRetries":4,"statusCodes":[503],"ioErrorCodes":["ECONNRESET","ETIMEDOUT"],"backOffFactor":0.5,"maxDelayInMillis":60000}}}} {"metadata":{"emulator":{"name":"functions"},"function":{"name":"us-central1-app"},"extension":{},"message":"[runtime-status] [7832] initializeApp(DEFAULT) {\"credential\":{\"implicit\":false,\"projectId\":\"cobaapi-c3349\",\"privateKey\":\"-----BEGIN PRIVATE KEY-----\\nMIIEvQIBADANBgkqhkiG9w0BAQEFAASCBKcwggSjAgEAAoIBAQDOin5WasjYUy1i\\nQOorEcIDy+C9Z4ullgJBkSId60kSi4kBKmyRPU+EeYQrEtt0PzrolWAFUhlHRjqe\\njsTcIZidlV8Cmo2l+OqXNJjdHFaP8Rg9l7toL4huVkGNDjSeXppCs3dRMNOi8bEd\\niSsvPrmc91wqsG+Mwcvh3vVgsJJoEWmIgRziigzkuX/lZA7/OidSWvW/nqzC6DRg\\ntLj7TvQJzLWs8bfAcy6gaZ5s4t10JN8MBLigJprDEIoAXLuv4qUUfpjhB8H06w3g\\nNmdxxBA960Ac6qK7rqoU5ie0RZ5M7cPq3IJen6kHOzetujYr57qSy5Hm5s2uOSgb\\nvl6K/vlJAgMBAAECggEAAkaRh/NjFUpsp9Y7bkWNZnF5igSzy8Ytw1oCxE3Kbzyf\\n12YyWN2nfGLCs3R1/Aon+euOvwhC9IoqzQKZhdZjQis6PIMGQq5N1rl9jK7KVQmC\\nQPLPcwwBBrwxuojjSLJrTzGp2SMUAInar8602ISqUrcr/2Fpx+UpEVWdolbXtMil\\nPSADIzginoeBageiuHLBYTRC1DwXhx6cU2Pq8JaiftAzYmaoDVnxcLr2hu9XBsTA\\nWinIoRNZie3SZ1tSs3CCGMZwD6bpbpsC56btidxPSGjrgKmAn+cv1bMJWL5gVZzZ\\nH1FlEhfvvqY0wIqEyOkv0aGI7KdTJGmGKCeTzRQ+YQKBgQD9bOFz5RQV0wJAL5jR\\n6q53TGuP4jO6AuaWl9HG3822esZbvA09bQ1MsfZFqU8wo1gMtchn+DI49HjcCJuU\\n6rEQeaJWHpw9yqC+FPFmm4CYWOITcII4ckrE8qVD+A7J1DepZHn4KnUB6l/9pYi1\\nn4lBbuhLKfD0HKl7ubiqoKLmsQKBgQDQo6yRAbyS4sFnDObkTMbWPPSdjp88p1FB\\n188BLDrdvGTpQMuABmhZdvMBHPcp9Kgk4kkm14c0mCII9aKzVj2Ic1FuiqZ04n0Q\\nmapFqUM17vMqZiZuGhF4oQORtcDr0Le73Z9pJeTtR3n5CTDEJAd5DpvZNdNimVTb\\nJaPACD4SGQKBgEtSzGPdB65A7F9Vhk+GOFrfDO1UJ1m3OQAzmbdJl+QP89saNrk2\\nK4jLME6eNxpWwnnsoec9HvhMuYt0x4FojD5AWN7N9FRtYH9+zA1aVMtzR6bNfvb2\\nCYEmObbNCOA2QmEHqzT2sZZjKirCw7Jv+6TGKScGDUcRKdLLbbbRTfnRAoGBAMVK\\nQKBOWBc9vUzI8nzn7Q4hTd6/QuyD+16bx+9/95o9z96Rmt1RMdOHm3pt/Xr7ExTt\\ntea43+1n/qciP9v9rOoewd4Z1hWpJkJQTKbay+dwMRjix2xN0j+TYmCi0e8rytIn\\nW9p+LuABOuG3Qxn2R+q9WbooH9+YxpkEGrg4ExnhAoGANILbtHC7WMrK2pN01TnR\\nvjbIvfUnCJnVYQhnQKSYrYm/jrjfQXx3iCrZMkxR6G4/yASIfUA8Fcdb6aBi7bs7\\n/v/uIFuPCAYU+VTW8BpZFzW5Y36u+2ees+OAPDaIJdSJqxlwF8UPRmn9VvCEndHT\\nzh9l2UT9aMttmUZU27unA/o=\\n-----END PRIVATE KEY-----\\n\",\"clientEmail\":\"firebase-adminsdk-7s56j@cobaapi-c3349.iam.gserviceaccount.com\",\"httpClient\":{\"retry\":{\"maxRetries\":4,\"statusCodes\":[503],\"ioErrorCodes\":[\"ECONNRESET\",\"ETIMEDOUT\"],\"backOffFactor\":0.5,\"maxDelayInMillis\":60000}}}}"}}
[warn] !  functions: The Cloud Firestore emulator is not running, so calls to Firestore will affect production. {"metadata":{"emulator":{"name":"functions"},"function":{"name":"us-central1-app"},"extension":{},"message":"The Cloud Firestore emulator is not running, so calls to Firestore will affect production."}}
[debug] [2022-06-12T15:56:54.302Z] [runtime-status] [7832] Beginning invocation function app! {"metadata":{"emulator":{"name":"functions"},"function":{"name":"us-central1-app"},"extension":{},"message":"[runtime-status] [7832] Beginning invocation function app!"}}
[info] i  functions: Beginning execution of "app" {"metadata":{"emulator":{"name":"functions"},"function":{"name":"us-central1-app"},"extension":{},"message":"Beginning execution of \"app\""}}
[debug] [2022-06-12T15:56:54.303Z] [runtime-status] [7832] Running app in signature http {"metadata":{"emulator":{"name":"functions"},"function":{"name":"us-central1-app"},"extension":{},"message":"[runtime-status] [7832] Running app in signature http"}}
[debug] [2022-06-12T15:56:54.308Z] [runtime-status] [7832] Attempting to listen to socketPath: \\?\pipe\C:\Users\Ghovur Azrian A\Downloads\Kuliah\Bangkit\firebaseTemanHewani\functions\7832 {"metadata":{"emulator":{"name":"functions"},"function":{"name":"us-central1-app"},"extension":{},"message":"[runtime-status] [7832] Attempting to listen to socketPath: \\\\?\\pipe\\C:\\Users\\Ghovur Azrian A\\Downloads\\Kuliah\\Bangkit\\firebaseTemanHewani\\functions\\7832"}}
[debug] [2022-06-12T15:56:54.313Z] [functions] Runtime ready! Sending request! {"metadata":{"emulator":{"name":"functions"},"message":"[functions] Runtime ready! Sending request!"}}
[debug] [2022-06-12T15:56:54.314Z] [functions] Got req.url=/cobaapi-c3349/us-central1/app/api/getAll, mapping to path=/api/getAll {"metadata":{"emulator":{"name":"functions"},"message":"[functions] Got req.url=/cobaapi-c3349/us-central1/app/api/getAll, mapping to path=/api/getAll"}}
[debug] [2022-06-12T15:56:54.320Z] [runtime-status] [7832] Ephemeral server handling GET request {"metadata":{"emulator":{"name":"functions"},"function":{"name":"us-central1-app"},"extension":{},"message":"[runtime-status] [7832] Ephemeral server handling GET request"}}
[debug] [2022-06-12T15:56:54.330Z] [runtime-status] [7832] Ephemeral server survived. {"metadata":{"emulator":{"name":"functions"},"function":{"name":"us-central1-app"},"extension":{},"message":"[runtime-status] [7832] Ephemeral server survived."}}
[info] i  functions: Finished "app" in ~1s {"metadata":{"emulator":{"name":"functions"},"function":{"name":"us-central1-app"},"extension":{},"message":"Finished \"app\" in ~1s"}}
[debug] [2022-06-12T15:56:55.010Z] [worker-us-central1-app-3037ff45-9bfa-4454-ba41-c17d2239aa54]: IDLE {"metadata":{"emulator":{"name":"functions"},"message":"[worker-us-central1-app-3037ff45-9bfa-4454-ba41-c17d2239aa54]: IDLE"}}
[debug] [2022-06-12T15:56:55.010Z] [work-queue] {"queueLength":0,"workRunningCount":0}
[debug] [2022-06-12T16:00:49.492Z] [work-queue] {"queueLength":1,"workRunningCount":0}
[debug] [2022-06-12T16:00:49.493Z] [work-queue] {"queueLength":0,"workRunningCount":1}
[debug] [2022-06-12T16:00:49.493Z] Accepted request PUT /cobaapi-c3349/us-central1/app/api/update/1655048694074 --> us-central1-app
[debug] [2022-06-12T16:00:49.493Z] [worker-pool] submitWork(triggerId=us-central1-app) {"metadata":{"emulator":{"name":"functions"},"message":"[worker-pool] submitWork(triggerId=us-central1-app)"}}
[debug] [2022-06-12T16:00:49.493Z] [worker-us-central1-app-3037ff45-9bfa-4454-ba41-c17d2239aa54]: Assigning socketPath: \\?\pipe\C:\Users\Ghovur Azrian A\Downloads\Kuliah\Bangkit\firebaseTemanHewani\functions\7832 {"metadata":{"emulator":{"name":"functions"},"message":"[worker-us-central1-app-3037ff45-9bfa-4454-ba41-c17d2239aa54]: Assigning socketPath: \\\\?\\pipe\\C:\\Users\\Ghovur Azrian A\\Downloads\\Kuliah\\Bangkit\\firebaseTemanHewani\\functions\\7832"}}
[debug] [2022-06-12T16:00:49.493Z] [worker-us-central1-app-3037ff45-9bfa-4454-ba41-c17d2239aa54]: BUSY {"metadata":{"emulator":{"name":"functions"},"message":"[worker-us-central1-app-3037ff45-9bfa-4454-ba41-c17d2239aa54]: BUSY"}}
[debug] [2022-06-12T16:00:49.494Z] [runtime-status] [7832] Beginning invocation function app! {"metadata":{"emulator":{"name":"functions"},"function":{"name":"us-central1-app"},"extension":{},"message":"[runtime-status] [7832] Beginning invocation function app!"}}
[info] i  functions: Beginning execution of "app" {"metadata":{"emulator":{"name":"functions"},"function":{"name":"us-central1-app"},"extension":{},"message":"Beginning execution of \"app\""}}
[debug] [2022-06-12T16:00:49.494Z] [runtime-status] [7832] Running app in signature http {"metadata":{"emulator":{"name":"functions"},"function":{"name":"us-central1-app"},"extension":{},"message":"[runtime-status] [7832] Running app in signature http"}}
[debug] [2022-06-12T16:00:49.495Z] [runtime-status] [7832] Attempting to listen to socketPath: \\?\pipe\C:\Users\Ghovur Azrian A\Downloads\Kuliah\Bangkit\firebaseTemanHewani\functions\7832 {"metadata":{"emulator":{"name":"functions"},"function":{"name":"us-central1-app"},"extension":{},"message":"[runtime-status] [7832] Attempting to listen to socketPath: \\\\?\\pipe\\C:\\Users\\Ghovur Azrian A\\Downloads\\Kuliah\\Bangkit\\firebaseTemanHewani\\functions\\7832"}}
[debug] [2022-06-12T16:00:49.496Z] [functions] Runtime ready! Sending request! {"metadata":{"emulator":{"name":"functions"},"message":"[functions] Runtime ready! Sending request!"}}
[debug] [2022-06-12T16:00:49.497Z] [functions] Got req.url=/cobaapi-c3349/us-central1/app/api/update/1655048694074, mapping to path=/api/update/1655048694074 {"metadata":{"emulator":{"name":"functions"},"message":"[functions] Got req.url=/cobaapi-c3349/us-central1/app/api/update/1655048694074, mapping to path=/api/update/1655048694074"}}
[debug] [2022-06-12T16:00:49.507Z] [runtime-status] [7832] Ephemeral server handling PUT request {"metadata":{"emulator":{"name":"functions"},"function":{"name":"us-central1-app"},"extension":{},"message":"[runtime-status] [7832] Ephemeral server handling PUT request"}}
[debug] [2022-06-12T16:00:49.511Z] [runtime-status] [7832] Ephemeral server survived. {"metadata":{"emulator":{"name":"functions"},"function":{"name":"us-central1-app"},"extension":{},"message":"[runtime-status] [7832] Ephemeral server survived."}}
[info] i  functions: Finished "app" in ~1s {"metadata":{"emulator":{"name":"functions"},"function":{"name":"us-central1-app"},"extension":{},"message":"Finished \"app\" in ~1s"}}
[debug] [2022-06-12T16:00:49.819Z] [worker-us-central1-app-3037ff45-9bfa-4454-ba41-c17d2239aa54]: IDLE {"metadata":{"emulator":{"name":"functions"},"message":"[worker-us-central1-app-3037ff45-9bfa-4454-ba41-c17d2239aa54]: IDLE"}}
[debug] [2022-06-12T16:00:49.819Z] [work-queue] {"queueLength":0,"workRunningCount":0}
[debug] [2022-06-12T16:01:37.972Z] [work-queue] {"queueLength":1,"workRunningCount":0}
[debug] [2022-06-12T16:01:37.972Z] [work-queue] {"queueLength":0,"workRunningCount":1}
[debug] [2022-06-12T16:01:37.972Z] Accepted request DELETE /cobaapi-c3349/us-central1/app/api/delete/1655049104475 --> us-central1-app
[debug] [2022-06-12T16:01:37.972Z] [worker-pool] submitWork(triggerId=us-central1-app) {"metadata":{"emulator":{"name":"functions"},"message":"[worker-pool] submitWork(triggerId=us-central1-app)"}}
[debug] [2022-06-12T16:01:37.972Z] [worker-us-central1-app-3037ff45-9bfa-4454-ba41-c17d2239aa54]: Assigning socketPath: \\?\pipe\C:\Users\Ghovur Azrian A\Downloads\Kuliah\Bangkit\firebaseTemanHewani\functions\7832 {"metadata":{"emulator":{"name":"functions"},"message":"[worker-us-central1-app-3037ff45-9bfa-4454-ba41-c17d2239aa54]: Assigning socketPath: \\\\?\\pipe\\C:\\Users\\Ghovur Azrian A\\Downloads\\Kuliah\\Bangkit\\firebaseTemanHewani\\functions\\7832"}}
[debug] [2022-06-12T16:01:37.972Z] [worker-us-central1-app-3037ff45-9bfa-4454-ba41-c17d2239aa54]: BUSY {"metadata":{"emulator":{"name":"functions"},"message":"[worker-us-central1-app-3037ff45-9bfa-4454-ba41-c17d2239aa54]: BUSY"}}
[debug] [2022-06-12T16:01:37.973Z] [runtime-status] [7832] Beginning invocation function app! {"metadata":{"emulator":{"name":"functions"},"function":{"name":"us-central1-app"},"extension":{},"message":"[runtime-status] [7832] Beginning invocation function app!"}}
[info] i  functions: Beginning execution of "app" {"metadata":{"emulator":{"name":"functions"},"function":{"name":"us-central1-app"},"extension":{},"message":"Beginning execution of \"app\""}}
[debug] [2022-06-12T16:01:37.973Z] [runtime-status] [7832] Running app in signature http {"metadata":{"emulator":{"name":"functions"},"function":{"name":"us-central1-app"},"extension":{},"message":"[runtime-status] [7832] Running app in signature http"}}
[debug] [2022-06-12T16:01:37.973Z] [runtime-status] [7832] Attempting to listen to socketPath: \\?\pipe\C:\Users\Ghovur Azrian A\Downloads\Kuliah\Bangkit\firebaseTemanHewani\functions\7832 {"metadata":{"emulator":{"name":"functions"},"function":{"name":"us-central1-app"},"extension":{},"message":"[runtime-status] [7832] Attempting to listen to socketPath: \\\\?\\pipe\\C:\\Users\\Ghovur Azrian A\\Downloads\\Kuliah\\Bangkit\\firebaseTemanHewani\\functions\\7832"}}
[debug] [2022-06-12T16:01:37.975Z] [functions] Runtime ready! Sending request! {"metadata":{"emulator":{"name":"functions"},"message":"[functions] Runtime ready! Sending request!"}}
[debug] [2022-06-12T16:01:37.975Z] [functions] Got req.url=/cobaapi-c3349/us-central1/app/api/delete/1655049104475, mapping to path=/api/delete/1655049104475 {"metadata":{"emulator":{"name":"functions"},"message":"[functions] Got req.url=/cobaapi-c3349/us-central1/app/api/delete/1655049104475, mapping to path=/api/delete/1655049104475"}}
[debug] [2022-06-12T16:01:37.976Z] [runtime-status] [7832] Ephemeral server handling DELETE request {"metadata":{"emulator":{"name":"functions"},"function":{"name":"us-central1-app"},"extension":{},"message":"[runtime-status] [7832] Ephemeral server handling DELETE request"}}
[debug] [2022-06-12T16:01:37.977Z] [runtime-status] [7832] Ephemeral server survived. {"metadata":{"emulator":{"name":"functions"},"function":{"name":"us-central1-app"},"extension":{},"message":"[runtime-status] [7832] Ephemeral server survived."}}
[info] i  functions: Finished "app" in ~1s {"metadata":{"emulator":{"name":"functions"},"function":{"name":"us-central1-app"},"extension":{},"message":"Finished \"app\" in ~1s"}}
[debug] [2022-06-12T16:01:38.274Z] [worker-us-central1-app-3037ff45-9bfa-4454-ba41-c17d2239aa54]: IDLE {"metadata":{"emulator":{"name":"functions"},"message":"[worker-us-central1-app-3037ff45-9bfa-4454-ba41-c17d2239aa54]: IDLE"}}
[debug] [2022-06-12T16:01:38.275Z] [work-queue] {"queueLength":0,"workRunningCount":0}
